f:\repo\tcc\tinycc\win32\vs2013\debug\vc120.pdb
f:\repo\tcc\tinycc\win32\vs2013\debug\vc120.idb
f:\repo\tcc\tinycc\win32\vs2013\debug\libtcc.obj
f:\repo\tcc\tinycc\win32\vs2013\debug\libtcc.lib
f:\repo\tcc\tinycc\win32\vs2013\debug\libtcc.exp
f:\repo\tcc\tinycc\win32\vs2013\debug\libtcc.ilk
f:\repo\tcc\tinycc\win32\vs2013\debug\libtcc.dll
f:\repo\tcc\tinycc\win32\vs2013\debug\libtcc.pdb
f:\repo\tcc\tinycc\win32\vs2013\debug\tcc.obj
f:\repo\tcc\tinycc\win32\vs2013\debug\libtcc_test.ilk
f:\repo\tcc\tinycc\win32\vs2013\debug\tcc.ilk
f:\repo\tcc\tinycc\win32\vs2013\debug\tiny_impdef.ilk
f:\repo\tcc\tinycc\win32\vs2013\debug\tiny_libmaker.ilk
f:\repo\tcc\tinycc\win32\vs2013\debug\libtcc_test.pdb
f:\repo\tcc\tinycc\win32\vs2013\debug\tcc.pdb
f:\repo\tcc\tinycc\win32\vs2013\debug\tiny_impdef.pdb
f:\repo\tcc\tinycc\win32\vs2013\debug\tiny_libmaker.pdb
f:\repo\tcc\tinycc\win32\vs2013\debug\libtcc.tlog\cl.command.1.tlog
f:\repo\tcc\tinycc\win32\vs2013\debug\libtcc.tlog\cl.read.1.tlog
f:\repo\tcc\tinycc\win32\vs2013\debug\libtcc.tlog\cl.write.1.tlog
f:\repo\tcc\tinycc\win32\vs2013\debug\libtcc.tlog\libtcc.write.1u.tlog
f:\repo\tcc\tinycc\win32\vs2013\debug\libtcc.tlog\link.command.1.tlog
f:\repo\tcc\tinycc\win32\vs2013\debug\libtcc.tlog\link.read.1.tlog
f:\repo\tcc\tinycc\win32\vs2013\debug\libtcc.tlog\link.write.1.tlog
